<?xml version="1.0" encoding="UTF-8"?>
<!-- Generated by org.testng.reporters.JUnitReportReporter -->
<testsuite hostname="Madhu" failures="0" tests="1" name="rough.Palandroom" time="5.839" errors="0" timestamp="2022-03-02T19:06:18 IST" skipped="0">
  <testcase classname="rough.Palandroom" name="palin" time="5.839"/>
  <system-out/>
</testsuite> <!-- rough.Palandroom -->
