<?xml version="1.0" encoding="UTF-8"?>
<!-- Generated by org.testng.reporters.JUnitReportReporter -->
<testsuite hostname="Madhu" failures="0" tests="1" name="restassured.apitesting.Pojoserialisation" time="5.031" errors="0" timestamp="2022-03-03T10:04:34 IST" skipped="0">
  <testcase classname="restassured.apitesting.Pojoserialisation" name="serialisation" time="5.031"/>
  <system-out/>
</testsuite> <!-- restassured.apitesting.Pojoserialisation -->
