<?xml version="1.0" encoding="UTF-8"?>
<!-- Generated by org.testng.reporters.JUnitReportReporter -->
<testsuite hostname="Madhu" failures="0" tests="1" name="restassured.apitesting.Authorization" time="4.323" errors="0" timestamp="2022-03-01T10:46:59 IST" skipped="0">
  <testcase classname="restassured.apitesting.Authorization" name="author" time="4.323"/>
  <system-out/>
</testsuite> <!-- restassured.apitesting.Authorization -->
