<?xml version="1.0" encoding="UTF-8"?>
<!-- Generated by org.testng.reporters.JUnitReportReporter -->
<testsuite hostname="Madhu" failures="0" tests="1" name="restassured.apitesting.Pracitcepost" time="5.452" errors="0" timestamp="2022-03-02T10:15:44 IST" skipped="0">
  <testcase classname="restassured.apitesting.Pracitcepost" name="postdata" time="5.452"/>
  <system-out/>
</testsuite> <!-- restassured.apitesting.Pracitcepost -->
