<?xml version="1.0" encoding="UTF-8"?>
<!-- Generated by org.testng.reporters.JUnitReportReporter -->
<testsuite hostname="Madhu" failures="0" tests="4" name="restassured.apitesting.Libraryapi" time="4.761" errors="0" timestamp="2022-02-26T13:38:06 IST" skipped="0">
  <testcase classname="restassured.apitesting.Libraryapi" name="addBook" time="0.346"/>
  <system-out/>
  <testcase classname="restassured.apitesting.Libraryapi" name="addBook" time="0.318"/>
  <system-out/>
  <testcase classname="restassured.apitesting.Libraryapi" name="addBook" time="0.333"/>
  <system-out/>
  <testcase classname="restassured.apitesting.Libraryapi" name="addBook" time="3.764"/>
  <system-out/>
</testsuite> <!-- restassured.apitesting.Libraryapi -->
