<?xml version="1.0" encoding="UTF-8"?>
<!-- Generated by org.testng.reporters.JUnitReportReporter -->
<testsuite hostname="Madhu" failures="0" tests="1" name="jsoncode.Jsonclass" time="3.520" errors="0" timestamp="2022-02-26T11:49:37 IST" skipped="0">
  <testcase classname="jsoncode.Jsonclass" name="jsonClass" time="3.520"/>
  <system-out/>
</testsuite> <!-- jsoncode.Jsonclass -->
